<?xml version="1.0" encoding="UTF-8"?>
<!-- Generated by org.testng.reporters.JUnitReportReporter -->
<testsuite skipped="0" hostname="LAPTOP-LDQFS899" name="Demo.DetailsOfPushpaMovieFromTwoWebsites" tests="4" failures="0" timestamp="2022-11-22T18:45:56 IST" time="31.777" errors="0">
  <testcase name="getPushpaMovieDetailsUsingIMDB" time="22.736" classname="Demo.DetailsOfPushpaMovieFromTwoWebsites"/>
  <system-out/>
  <testcase name="validateCountry" time="0.016" classname="Demo.DetailsOfPushpaMovieFromTwoWebsites"/>
  <system-out/>
  <testcase name="getPushpaMovieDetailsUsingWiki" time="9.025" classname="Demo.DetailsOfPushpaMovieFromTwoWebsites"/>
  <system-out/>
  <testcase name="validateReleaseDate" time="0.000" classname="Demo.DetailsOfPushpaMovieFromTwoWebsites"/>
  <system-out/>
</testsuite> <!-- Demo.DetailsOfPushpaMovieFromTwoWebsites -->
