<?xml version="1.0" encoding="UTF-8"?>
<!-- Generated by org.testng.reporters.JUnitReportReporter -->
<testsuite skipped="0" hostname="LAPTOP-LDQFS899" name="Demo.DetailsOfPushpaMovieFromTwoWebsites" tests="4" failures="0" timestamp="2022-11-22T20:46:38 IST" time="31.965" errors="0">
  <testcase name="getPushpaMovieDetailsUsingIMDB" time="23.762" classname="Demo.DetailsOfPushpaMovieFromTwoWebsites"/>
  <system-out/>
  <testcase name="validateReleaseDate" time="0.002" classname="Demo.DetailsOfPushpaMovieFromTwoWebsites"/>
  <system-out/>
  <testcase name="validateCountry" time="0.005" classname="Demo.DetailsOfPushpaMovieFromTwoWebsites"/>
  <system-out/>
  <testcase name="getPushpaMovieDetailsUsingWiki" time="8.196" classname="Demo.DetailsOfPushpaMovieFromTwoWebsites"/>
  <system-out/>
</testsuite> <!-- Demo.DetailsOfPushpaMovieFromTwoWebsites -->
